\BOOKMARK [0][-]{chapter.1}{Introduction}{}% 1
\BOOKMARK [0][-]{chapter.2}{Background}{}% 2
\BOOKMARK [1][-]{section.2.1}{Data\040entry}{chapter.2}% 3
\BOOKMARK [2][-]{subsection.2.1.1}{The\040perception\040stage}{section.2.1}% 4
\BOOKMARK [2][-]{subsection.2.1.2}{The\040encoding\040stage}{section.2.1}% 5
\BOOKMARK [2][-]{subsection.2.1.3}{The\040execution\040stage}{section.2.1}% 6
\BOOKMARK [2][-]{subsection.2.1.4}{The\040checking\040stage}{section.2.1}% 7
\BOOKMARK [1][-]{section.2.2}{Office\040work}{chapter.2}% 8
\BOOKMARK [2][-]{subsection.2.2.1}{Reducing\040information\040access\040costs:\040multiple\040and\040larger\040screens}{section.2.2}% 9
\BOOKMARK [2][-]{subsection.2.2.2}{Managing\040information\040needs}{section.2.2}% 10
\BOOKMARK [1][-]{section.2.3}{Conclusion}{chapter.2}% 11
\BOOKMARK [0][-]{chapter.3}{Entering\040expenses\040in\040a\040financial\040setting}{}% 12
\BOOKMARK [1][-]{section.3.1}{Study\0401:\040Understanding\040data\040entry\040work\040in\040a\040financial\040office}{chapter.3}% 13
\BOOKMARK [2][-]{subsection.3.1.1}{Introduction}{section.3.1}% 14
\BOOKMARK [2][-]{subsection.3.1.2}{Method}{section.3.1}% 15
\BOOKMARK [2][-]{subsection.3.1.3}{Results}{section.3.1}% 16
\BOOKMARK [2][-]{subsection.3.1.4}{Discussion}{section.3.1}% 17
\BOOKMARK [1][-]{section.3.2}{Study\0402:\040Information\040sources\040for\040entering\040expenses}{chapter.3}% 18
\BOOKMARK [2][-]{subsection.3.2.1}{Introduction}{section.3.2}% 19
\BOOKMARK [2][-]{subsection.3.2.2}{Method}{section.3.2}% 20
\BOOKMARK [2][-]{subsection.3.2.3}{Data\040collection\040and\040analysis}{section.3.2}% 21
\BOOKMARK [0][-]{chapter.4}{Understanding\040the\040effect\040of\040IAC\040on\040looking\040up\040information}{}% 22
\BOOKMARK [1][-]{section.4.1}{Study\0403:\040Copying\040numbers\040from\040one\040source}{chapter.4}% 23
\BOOKMARK [2][-]{subsection.4.1.1}{Introduction}{section.4.1}% 24
\BOOKMARK [2][-]{subsection.4.1.2}{Method}{section.4.1}% 25
\BOOKMARK [2][-]{subsection.4.1.3}{Results}{section.4.1}% 26
\BOOKMARK [2][-]{subsection.4.1.4}{Discussion}{section.4.1}% 27
\BOOKMARK [1][-]{section.4.2}{Study\0404:\040Copying\040data\040from\040multiple\040sources}{chapter.4}% 28
\BOOKMARK [2][-]{subsection.4.2.1}{Introduction}{section.4.2}% 29
\BOOKMARK [0][-]{chapter.5}{Evaluating\040design\040changes\040to\040improve\040performance\040in\040data\040entry\040with\040varying\040IACs}{}% 30
\BOOKMARK [1][-]{section.5.1}{Introduction}{chapter.5}% 31
\BOOKMARK [2][-]{subsection.5.1.1}{Contributions}{section.5.1}% 32
\BOOKMARK [0][-]{appendix.A}{Information\040sheet}{}% 33
\BOOKMARK [0][-]{appendix.B}{Consent\040form}{}% 34
\BOOKMARK [0][-]{appendix.C}{Interview\040script}{}% 35
