This is pdfTeX, Version 3.14159265-2.6-1.40.17 (TeX Live 2016) (preloaded format=pdflatex 2016.6.14)  29 JUL 2016 12:36
entering extended mode
 restricted \write18 enabled.
 file:line:error style messages enabled.
 %&-line parsing enabled.
**thesis.tex
(./thesis.tex
LaTeX2e <2016/03/31>
Babel <3.9r> and hyphenation patterns for 83 language(s) loaded.
(/usr/local/texlive/2016/texmf-dist/tex/latex/base/report.cls
Document Class: report 2014/09/29 v1.4h Standard LaTeX document class
(/usr/local/texlive/2016/texmf-dist/tex/latex/base/size11.clo
File: size11.clo 2014/09/29 v1.4h Standard LaTeX file (size option)
)
\c@part=\count79
\c@chapter=\count80
\c@section=\count81
\c@subsection=\count82
\c@subsubsection=\count83
\c@paragraph=\count84
\c@subparagraph=\count85
\c@figure=\count86
\c@table=\count87
\abovecaptionskip=\skip41
\belowcaptionskip=\skip42
\bibindent=\dimen102
)
(/usr/local/texlive/2016/texmf-dist/tex/latex/geometry/geometry.sty
Package: geometry 2010/09/12 v5.6 Page Geometry

(/usr/local/texlive/2016/texmf-dist/tex/latex/graphics/keyval.sty
Package: keyval 2014/10/28 v1.15 key=value parser (DPC)
\KV@toks@=\toks14
)
(/usr/local/texlive/2016/texmf-dist/tex/generic/oberdiek/ifpdf.sty
Package: ifpdf 2016/05/14 v3.1 Provides the ifpdf switch
)
(/usr/local/texlive/2016/texmf-dist/tex/generic/oberdiek/ifvtex.sty
Package: ifvtex 2016/05/16 v1.6 Detect VTeX and its facilities (HO)
Package ifvtex Info: VTeX not detected.
)
(/usr/local/texlive/2016/texmf-dist/tex/generic/ifxetex/ifxetex.sty
Package: ifxetex 2010/09/12 v0.6 Provides ifxetex conditional
)
\Gm@cnth=\count88
\Gm@cntv=\count89
\c@Gm@tempcnt=\count90
\Gm@bindingoffset=\dimen103
\Gm@wd@mp=\dimen104
\Gm@odd@mp=\dimen105
\Gm@even@mp=\dimen106
\Gm@layoutwidth=\dimen107
\Gm@layoutheight=\dimen108
\Gm@layouthoffset=\dimen109
\Gm@layoutvoffset=\dimen110
\Gm@dimlist=\toks15
)
(/usr/local/texlive/2016/texmf-dist/tex/latex/graphics/graphicx.sty
Package: graphicx 2014/10/28 v1.0g Enhanced LaTeX Graphics (DPC,SPQR)

(/usr/local/texlive/2016/texmf-dist/tex/latex/graphics/graphics.sty
Package: graphics 2016/05/09 v1.0r Standard LaTeX Graphics (DPC,SPQR)

(/usr/local/texlive/2016/texmf-dist/tex/latex/graphics/trig.sty
Package: trig 2016/01/03 v1.10 sin cos tan (DPC)
)
(/usr/local/texlive/2016/texmf-dist/tex/latex/graphics-cfg/graphics.cfg
File: graphics.cfg 2016/01/02 v1.10 sample graphics configuration
)
Package graphics Info: Driver file: pdftex.def on input line 96.

(/usr/local/texlive/2016/texmf-dist/tex/latex/pdftex-def/pdftex.def
File: pdftex.def 2011/05/27 v0.06d Graphics/color for pdfTeX

(/usr/local/texlive/2016/texmf-dist/tex/generic/oberdiek/infwarerr.sty
Package: infwarerr 2016/05/16 v1.4 Providing info/warning/error messages (HO)
)
(/usr/local/texlive/2016/texmf-dist/tex/generic/oberdiek/ltxcmds.sty
Package: ltxcmds 2016/05/16 v1.23 LaTeX kernel commands for general use (HO)
)
\Gread@gobject=\count91
))
\Gin@req@height=\dimen111
\Gin@req@width=\dimen112
)
(/usr/local/texlive/2016/texmf-dist/tex/latex/amsfonts/amssymb.sty
Package: amssymb 2013/01/14 v3.01 AMS font symbols

(/usr/local/texlive/2016/texmf-dist/tex/latex/amsfonts/amsfonts.sty
Package: amsfonts 2013/01/14 v3.01 Basic AMSFonts support
\@emptytoks=\toks16
\symAMSa=\mathgroup4
\symAMSb=\mathgroup5
LaTeX Font Info:    Overwriting math alphabet `\mathfrak' in version `bold'
(Font)                  U/euf/m/n --> U/euf/b/n on input line 106.
))
(/usr/local/texlive/2016/texmf-dist/tex/latex/multirow/multirow.sty
\bigstrutjot=\dimen113
)
(/usr/local/texlive/2016/texmf-dist/tex/latex/comment/comment.sty
\CommentStream=\write3

Excluding comment 'comment')
(/usr/local/texlive/2016/texmf-dist/tex/latex/apacite/apacite.sty
Package: apacite 2013/07/21 v6.03 APA citation
\c@BibCnt=\count92
\bibleftmargin=\skip43
\bibindent=\skip44
\bibparsep=\skip45
\bibitemsep=\skip46
\biblabelsep=\skip47
)
(/usr/local/texlive/2016/texmf-dist/tex/latex/natbib/natbib.sty
Package: natbib 2010/09/13 8.31b (PWD, AO)
\bibhang=\skip48
\bibsep=\skip49
LaTeX Info: Redefining \cite on input line 694.
\c@NAT@ctr=\count93
)
LaTeX Info: Redefining \BBA on input line 9.

(/usr/local/texlive/2016/texmf-dist/tex/latex/xcolor/xcolor.sty
Package: xcolor 2016/05/11 v2.12 LaTeX color extensions (UK)

(/usr/local/texlive/2016/texmf-dist/tex/latex/graphics-cfg/color.cfg
File: color.cfg 2016/01/02 v1.6 sample color configuration
)
Package xcolor Info: Driver file: pdftex.def on input line 225.

(/usr/local/texlive/2016/texmf-dist/tex/latex/colortbl/colortbl.sty
Package: colortbl 2012/02/13 v1.0a Color table columns (DPC)

(/usr/local/texlive/2016/texmf-dist/tex/latex/tools/array.sty
Package: array 2014/10/28 v2.4c Tabular extension package (FMi)
\col@sep=\dimen114
\extrarowheight=\dimen115
\NC@list=\toks17
\extratabsurround=\skip50
\backup@length=\skip51
)
\everycr=\toks18
\minrowclearance=\skip52
)
\rownum=\count94
Package xcolor Info: Model `cmy' substituted by `cmy0' on input line 1348.
Package xcolor Info: Model `hsb' substituted by `rgb' on input line 1352.
Package xcolor Info: Model `RGB' extended on input line 1364.
Package xcolor Info: Model `HTML' substituted by `rgb' on input line 1366.
Package xcolor Info: Model `Hsb' substituted by `hsb' on input line 1367.
Package xcolor Info: Model `tHsb' substituted by `hsb' on input line 1368.
Package xcolor Info: Model `HSB' substituted by `hsb' on input line 1369.
Package xcolor Info: Model `Gray' substituted by `gray' on input line 1370.
Package xcolor Info: Model `wave' substituted by `hsb' on input line 1371.
)
(/usr/local/texlive/2016/texmf-dist/tex/latex/base/fontenc.sty
Package: fontenc 2005/09/27 v1.99g Standard LaTeX package

(/usr/local/texlive/2016/texmf-dist/tex/latex/base/t1enc.def
File: t1enc.def 2005/09/27 v1.99g Standard LaTeX file
LaTeX Font Info:    Redeclaring font encoding T1 on input line 48.
))
(/usr/local/texlive/2016/texmf-dist/tex/latex/booktabs/booktabs.sty
Package: booktabs 2016/04/27 v1.618033 publication quality tables
\heavyrulewidth=\dimen116
\lightrulewidth=\dimen117
\cmidrulewidth=\dimen118
\belowrulesep=\dimen119
\belowbottomsep=\dimen120
\aboverulesep=\dimen121
\abovetopsep=\dimen122
\cmidrulesep=\dimen123
\cmidrulekern=\dimen124
\defaultaddspace=\dimen125
\@cmidla=\count95
\@cmidlb=\count96
\@aboverulesep=\dimen126
\@belowrulesep=\dimen127
\@thisruleclass=\count97
\@lastruleclass=\count98
\@thisrulewidth=\dimen128
)
(/usr/local/texlive/2016/texmf-dist/tex/latex/tools/tabularx.sty
Package: tabularx 2016/02/03 v2.11 `tabularx' package (DPC)
\TX@col@width=\dimen129
\TX@old@table=\dimen130
\TX@old@col=\dimen131
\TX@target=\dimen132
\TX@delta=\dimen133
\TX@cols=\count99
\TX@ftn=\toks19
)
(/usr/local/texlive/2016/texmf-dist/tex/latex/lm/lmodern.sty
Package: lmodern 2009/10/30 v1.6 Latin Modern Fonts
LaTeX Font Info:    Overwriting symbol font `operators' in version `normal'
(Font)                  OT1/cmr/m/n --> OT1/lmr/m/n on input line 22.
LaTeX Font Info:    Overwriting symbol font `letters' in version `normal'
(Font)                  OML/cmm/m/it --> OML/lmm/m/it on input line 23.
LaTeX Font Info:    Overwriting symbol font `symbols' in version `normal'
(Font)                  OMS/cmsy/m/n --> OMS/lmsy/m/n on input line 24.
LaTeX Font Info:    Overwriting symbol font `largesymbols' in version `normal'
(Font)                  OMX/cmex/m/n --> OMX/lmex/m/n on input line 25.
LaTeX Font Info:    Overwriting symbol font `operators' in version `bold'
(Font)                  OT1/cmr/bx/n --> OT1/lmr/bx/n on input line 26.
LaTeX Font Info:    Overwriting symbol font `letters' in version `bold'
(Font)                  OML/cmm/b/it --> OML/lmm/b/it on input line 27.
LaTeX Font Info:    Overwriting symbol font `symbols' in version `bold'
(Font)                  OMS/cmsy/b/n --> OMS/lmsy/b/n on input line 28.
LaTeX Font Info:    Overwriting symbol font `largesymbols' in version `bold'
(Font)                  OMX/cmex/m/n --> OMX/lmex/m/n on input line 29.
LaTeX Font Info:    Overwriting math alphabet `\mathbf' in version `normal'
(Font)                  OT1/cmr/bx/n --> OT1/lmr/bx/n on input line 31.
LaTeX Font Info:    Overwriting math alphabet `\mathsf' in version `normal'
(Font)                  OT1/cmss/m/n --> OT1/lmss/m/n on input line 32.
LaTeX Font Info:    Overwriting math alphabet `\mathit' in version `normal'
(Font)                  OT1/cmr/m/it --> OT1/lmr/m/it on input line 33.
LaTeX Font Info:    Overwriting math alphabet `\mathtt' in version `normal'
(Font)                  OT1/cmtt/m/n --> OT1/lmtt/m/n on input line 34.
LaTeX Font Info:    Overwriting math alphabet `\mathbf' in version `bold'
(Font)                  OT1/cmr/bx/n --> OT1/lmr/bx/n on input line 35.
LaTeX Font Info:    Overwriting math alphabet `\mathsf' in version `bold'
(Font)                  OT1/cmss/bx/n --> OT1/lmss/bx/n on input line 36.
LaTeX Font Info:    Overwriting math alphabet `\mathit' in version `bold'
(Font)                  OT1/cmr/bx/it --> OT1/lmr/bx/it on input line 37.
LaTeX Font Info:    Overwriting math alphabet `\mathtt' in version `bold'
(Font)                  OT1/cmtt/m/n --> OT1/lmtt/m/n on input line 38.
)
(/usr/local/texlive/2016/texmf-dist/tex/latex/hyperref/hyperref.sty
Package: hyperref 2016/05/05 v6.83n Hypertext links for LaTeX

(/usr/local/texlive/2016/texmf-dist/tex/generic/oberdiek/hobsub-hyperref.sty
Package: hobsub-hyperref 2016/05/16 v1.14 Bundle oberdiek, subset hyperref (HO)


(/usr/local/texlive/2016/texmf-dist/tex/generic/oberdiek/hobsub-generic.sty
Package: hobsub-generic 2016/05/16 v1.14 Bundle oberdiek, subset generic (HO)
Package: hobsub 2016/05/16 v1.14 Construct package bundles (HO)
Package hobsub Info: Skipping package `infwarerr' (already loaded).
Package hobsub Info: Skipping package `ltxcmds' (already loaded).
Package: ifluatex 2016/05/16 v1.4 Provides the ifluatex switch (HO)
Package ifluatex Info: LuaTeX not detected.
Package hobsub Info: Skipping package `ifvtex' (already loaded).
Package: intcalc 2016/05/16 v1.2 Expandable calculations with integers (HO)
Package hobsub Info: Skipping package `ifpdf' (already loaded).
Package: etexcmds 2016/05/16 v1.6 Avoid name clashes with e-TeX commands (HO)
Package etexcmds Info: Could not find \expanded.
(etexcmds)             That can mean that you are not using pdfTeX 1.50 or
(etexcmds)             that some package has redefined \expanded.
(etexcmds)             In the latter case, load this package earlier.
Package: kvsetkeys 2016/05/16 v1.17 Key value parser (HO)
Package: kvdefinekeys 2016/05/16 v1.4 Define keys (HO)
Package: pdftexcmds 2016/05/10 v0.21 Utility functions of pdfTeX for LuaTeX (HO
)
Package pdftexcmds Info: LuaTeX not detected.
Package pdftexcmds Info: \pdf@primitive is available.
Package pdftexcmds Info: \pdf@ifprimitive is available.
Package pdftexcmds Info: \pdfdraftmode found.
Package: pdfescape 2016/05/16 v1.14 Implements pdfTeX's escape features (HO)
Package: bigintcalc 2016/05/16 v1.4 Expandable calculations on big integers (HO
)
Package: bitset 2016/05/16 v1.2 Handle bit-vector datatype (HO)
Package: uniquecounter 2016/05/16 v1.3 Provide unlimited unique counter (HO)
)
Package hobsub Info: Skipping package `hobsub' (already loaded).
Package: letltxmacro 2016/05/16 v1.5 Let assignment for LaTeX macros (HO)
Package: hopatch 2016/05/16 v1.3 Wrapper for package hooks (HO)
Package: xcolor-patch 2016/05/16 xcolor patch
Package: atveryend 2016/05/16 v1.9 Hooks at the very end of document (HO)
Package atveryend Info: \enddocument detected (standard20110627).
Package: atbegshi 2016/05/16 v1.17 At begin shipout hook (HO)
Package: refcount 2016/05/16 v3.5 Data extraction from label references (HO)
Package: hycolor 2016/05/16 v1.8 Color options for hyperref/bookmark (HO)
)
(/usr/local/texlive/2016/texmf-dist/tex/latex/oberdiek/auxhook.sty
Package: auxhook 2016/05/16 v1.4 Hooks for auxiliary files (HO)
)
(/usr/local/texlive/2016/texmf-dist/tex/latex/oberdiek/kvoptions.sty
Package: kvoptions 2016/05/16 v3.12 Key value format for package options (HO)
)
\@linkdim=\dimen134
\Hy@linkcounter=\count100
\Hy@pagecounter=\count101

(/usr/local/texlive/2016/texmf-dist/tex/latex/hyperref/pd1enc.def
File: pd1enc.def 2016/05/05 v6.83n Hyperref: PDFDocEncoding definition (HO)
)
\Hy@SavedSpaceFactor=\count102

(/usr/local/texlive/2016/texmf-dist/tex/latex/latexconfig/hyperref.cfg
File: hyperref.cfg 2002/06/06 v1.2 hyperref configuration of TeXLive
)
Package hyperref Info: Hyper figures OFF on input line 4446.
Package hyperref Info: Link nesting OFF on input line 4451.
Package hyperref Info: Hyper index ON on input line 4454.
Package hyperref Info: Plain pages OFF on input line 4461.
Package hyperref Info: Backreferencing OFF on input line 4466.
Package hyperref Info: Implicit mode ON; LaTeX internals redefined.
Package hyperref Info: Bookmarks ON on input line 4691.
\c@Hy@tempcnt=\count103

(/usr/local/texlive/2016/texmf-dist/tex/latex/url/url.sty
\Urlmuskip=\muskip10
Package: url 2013/09/16  ver 3.4  Verb mode for urls, etc.
)
LaTeX Info: Redefining \url on input line 5044.
\XeTeXLinkMargin=\dimen135
\Fld@menulength=\count104
\Field@Width=\dimen136
\Fld@charsize=\dimen137
Package hyperref Info: Hyper figures OFF on input line 6298.
Package hyperref Info: Link nesting OFF on input line 6303.
Package hyperref Info: Hyper index ON on input line 6306.
Package hyperref Info: backreferencing OFF on input line 6313.
Package hyperref Info: Link coloring OFF on input line 6318.
Package hyperref Info: Link coloring with OCG OFF on input line 6323.
Package hyperref Info: PDF/A mode OFF on input line 6328.
LaTeX Info: Redefining \ref on input line 6368.
LaTeX Info: Redefining \pageref on input line 6372.
\Hy@abspage=\count105
\c@Item=\count106
\c@Hfootnote=\count107
)

Package hyperref Message: Driver (autodetected): hpdftex.

(/usr/local/texlive/2016/texmf-dist/tex/latex/hyperref/hpdftex.def
File: hpdftex.def 2016/05/05 v6.83n Hyperref driver for pdfTeX
\Fld@listcount=\count108
\c@bookmark@seq@number=\count109

(/usr/local/texlive/2016/texmf-dist/tex/latex/oberdiek/rerunfilecheck.sty
Package: rerunfilecheck 2016/05/16 v1.8 Rerun checks for auxiliary files (HO)
Package uniquecounter Info: New unique counter `rerunfilecheck' on input line 2
82.
)
\Hy@SectionHShift=\skip53
)
(/usr/local/texlive/2016/texmf-dist/tex/latex/caption/caption.sty
Package: caption 2016/02/21 v3.3-144 Customizing captions (AR)

(/usr/local/texlive/2016/texmf-dist/tex/latex/caption/caption3.sty
Package: caption3 2016/02/04 v1.7-139 caption3 kernel (AR)
Package caption3 Info: TeX engine: e-TeX on input line 67.
\captionmargin=\dimen138
\captionmargin@=\dimen139
\captionwidth=\dimen140
\caption@tempdima=\dimen141
\caption@indent=\dimen142
\caption@parindent=\dimen143
\caption@hangindent=\dimen144
)
\c@ContinuedFloat=\count110
Package caption Info: hyperref package is loaded.
)
(/usr/local/texlive/2016/texmf-dist/tex/latex/caption/subcaption.sty
Package: subcaption 2016/02/20 v1.1-142 Sub-captions (AR)
\c@subfigure=\count111
\c@subtable=\count112
)
(./thesis.aux

LaTeX Warning: Label `ch:Study1' multiply defined.

)
\openout1 = `thesis.aux'.

LaTeX Font Info:    Checking defaults for OML/cmm/m/it on input line 22.
LaTeX Font Info:    ... okay on input line 22.
LaTeX Font Info:    Checking defaults for T1/cmr/m/n on input line 22.
LaTeX Font Info:    ... okay on input line 22.
LaTeX Font Info:    Checking defaults for OT1/cmr/m/n on input line 22.
LaTeX Font Info:    ... okay on input line 22.
LaTeX Font Info:    Checking defaults for OMS/cmsy/m/n on input line 22.
LaTeX Font Info:    ... okay on input line 22.
LaTeX Font Info:    Checking defaults for OMX/cmex/m/n on input line 22.
LaTeX Font Info:    ... okay on input line 22.
LaTeX Font Info:    Checking defaults for U/cmr/m/n on input line 22.
LaTeX Font Info:    ... okay on input line 22.
LaTeX Font Info:    Checking defaults for PD1/pdf/m/n on input line 22.
LaTeX Font Info:    ... okay on input line 22.
LaTeX Font Info:    Try loading font information for T1+lmr on input line 22.
 (/usr/local/texlive/2016/texmf-dist/tex/latex/lm/t1lmr.fd
File: t1lmr.fd 2009/10/30 v1.6 Font defs for Latin Modern
)
*geometry* driver: auto-detecting
*geometry* detected driver: pdftex
*geometry* verbose mode - [ preamble ] result:
* driver: pdftex
* paper: letterpaper
* layout: <same size as paper>
* layoutoffset:(h,v)=(0.0pt,0.0pt)
* modes: 
* h-part:(L,W,R)=(92.14519pt, 430.00462pt, 92.14519pt)
* v-part:(T,H,B)=(95.39737pt, 556.47656pt, 143.09605pt)
* \paperwidth=614.295pt
* \paperheight=794.96999pt
* \textwidth=430.00462pt
* \textheight=556.47656pt
* \oddsidemargin=19.8752pt
* \evensidemargin=19.8752pt
* \topmargin=-13.87262pt
* \headheight=12.0pt
* \headsep=25.0pt
* \topskip=11.0pt
* \footskip=30.0pt
* \marginparwidth=59.0pt
* \marginparsep=10.0pt
* \columnsep=10.0pt
* \skip\footins=10.0pt plus 4.0pt minus 2.0pt
* \hoffset=0.0pt
* \voffset=0.0pt
* \mag=1000
* \@twocolumnfalse
* \@twosidefalse
* \@mparswitchfalse
* \@reversemarginfalse
* (1in=72.27pt=25.4mm, 1cm=28.453pt)

(/usr/local/texlive/2016/texmf-dist/tex/context/base/mkii/supp-pdf.mkii
[Loading MPS to PDF converter (version 2006.09.02).]
\scratchcounter=\count113
\scratchdimen=\dimen145
\scratchbox=\box26
\nofMPsegments=\count114
\nofMParguments=\count115
\everyMPshowfont=\toks20
\MPscratchCnt=\count116
\MPscratchDim=\dimen146
\MPnumerator=\count117
\makeMPintoPDFobject=\count118
\everyMPtoPDFconversion=\toks21
) (/usr/local/texlive/2016/texmf-dist/tex/latex/oberdiek/epstopdf-base.sty
Package: epstopdf-base 2016/05/15 v2.6 Base part for package epstopdf

(/usr/local/texlive/2016/texmf-dist/tex/latex/oberdiek/grfext.sty
Package: grfext 2016/05/16 v1.2 Manage graphics extensions (HO)
)
Package grfext Info: Graphics extension search list:
(grfext)             [.png,.pdf,.jpg,.mps,.jpeg,.jbig2,.jb2,.PNG,.PDF,.JPG,.JPE
G,.JBIG2,.JB2,.eps]
(grfext)             \AppendGraphicsExtensions on input line 456.

(/usr/local/texlive/2016/texmf-dist/tex/latex/latexconfig/epstopdf-sys.cfg
File: epstopdf-sys.cfg 2010/07/13 v1.3 Configuration of (r)epstopdf for TeX Liv
e
))
\c@maskedRefs=\count119

(/usr/local/texlive/2016/texmf-dist/tex/latex/apacite/english.apc
File: english.apc 2013/07/21 v6.03 apacite language file
LaTeX Info: Redefining \BPBI on input line 129.
LaTeX Info: Redefining \BHBI on input line 130.
)
\AtBeginShipoutBox=\box27
Package hyperref Info: Link coloring OFF on input line 22.

(/usr/local/texlive/2016/texmf-dist/tex/latex/hyperref/nameref.sty
Package: nameref 2012/10/27 v2.43 Cross-referencing by name of section

(/usr/local/texlive/2016/texmf-dist/tex/generic/oberdiek/gettitlestring.sty
Package: gettitlestring 2016/05/16 v1.5 Cleanup title references (HO)
)
\c@section@level=\count120
)
LaTeX Info: Redefining \ref on input line 22.
LaTeX Info: Redefining \pageref on input line 22.
LaTeX Info: Redefining \nameref on input line 22.

(./thesis.out) (./thesis.out)
\@outlinefile=\write4
\openout4 = `thesis.out'.

Package caption Info: Begin \AtBeginDocument code.
Package caption Info: End \AtBeginDocument code.
 (./title.tex
LaTeX Font Info:    Try loading font information for OT1+lmr on input line 58.

(/usr/local/texlive/2016/texmf-dist/tex/latex/lm/ot1lmr.fd
File: ot1lmr.fd 2009/10/30 v1.6 Font defs for Latin Modern
)
LaTeX Font Info:    Try loading font information for OML+lmm on input line 58.

(/usr/local/texlive/2016/texmf-dist/tex/latex/lm/omllmm.fd
File: omllmm.fd 2009/10/30 v1.6 Font defs for Latin Modern
)
LaTeX Font Info:    Try loading font information for OMS+lmsy on input line 58.


(/usr/local/texlive/2016/texmf-dist/tex/latex/lm/omslmsy.fd
File: omslmsy.fd 2009/10/30 v1.6 Font defs for Latin Modern
)
LaTeX Font Info:    Try loading font information for OMX+lmex on input line 58.


(/usr/local/texlive/2016/texmf-dist/tex/latex/lm/omxlmex.fd
File: omxlmex.fd 2009/10/30 v1.6 Font defs for Latin Modern
)
LaTeX Font Info:    External font `lmex10' loaded for size
(Font)              <10.95> on input line 58.
LaTeX Font Info:    External font `lmex10' loaded for size
(Font)              <8> on input line 58.
LaTeX Font Info:    External font `lmex10' loaded for size
(Font)              <6> on input line 58.
LaTeX Font Info:    Try loading font information for U+msa on input line 58.

(/usr/local/texlive/2016/texmf-dist/tex/latex/amsfonts/umsa.fd
File: umsa.fd 2013/01/14 v3.01 AMS symbols A
)
LaTeX Font Info:    Try loading font information for U+msb on input line 58.

(/usr/local/texlive/2016/texmf-dist/tex/latex/amsfonts/umsb.fd
File: umsb.fd 2013/01/14 v3.01 AMS symbols B
)
<images/logo.pdf, id=144, 1725.24554pt x 81.46432pt>
File: images/logo.pdf Graphic file (type pdf)
 <use images/logo.pdf>
Package pdftex.def Info: images/logo.pdf used on input line 103.
(pdftex.def)             Requested size: 430.00462pt x 20.30386pt.

[1

{/usr/local/texlive/2016/texmf-var/fonts/map/pdftex/updmap/pdftex.map} <./image
s/logo.pdf>])pdfTeX warning (ext4): destination with the same identifier (name{
page.1}) has been already used, duplicate ignored
<to be read again> 
                   \relax 
l.40 \end{abstract}
                    [1] (./thesis.tocpdfTeX warning (ext4): destination with th
e same identifier (name{page.1}) has been already used, duplicate ignored
<to be read again> 
                   \relax 
l.99 ...ta entry with varying IACs}{71}{chapter.5}
                                                   [1

])
\tf@toc=\write5
\openout5 = `thesis.toc'.

 [2] (./thesis.lof)
\tf@lof=\write6
\openout6 = `thesis.lof'.


[3

] (./thesis.lot)
\tf@lot=\write7
\openout7 = `thesis.lot'.

 [4

]
Chapter 1.

Overfull \hbox (21.0pt too wide) in paragraph at lines 50--54
[] 
 []

[5

] [6]
Chapter 2.

Overfull \hbox (24.65pt too wide) in paragraph at lines 83--84
[] 
 []

<images/HIP.pdf, id=329, 487.8225pt x 137.51375pt>
File: images/HIP.pdf Graphic file (type pdf)
 <use images/HIP.pdf>
Package pdftex.def Info: images/HIP.pdf used on input line 90.
(pdftex.def)             Requested size: 344.005pt x 96.97238pt.

[7

 <./images/HIP.pdf>] [8] [9] [10] [11] [12] [13] [14] [15]

LaTeX Warning: No positions in optional float specifier.
               Default added (so using `tbp') on input line 197.

<images/numberpad.pdf, id=529, 156.585pt x 109.40875pt>
File: images/numberpad.pdf Graphic file (type pdf)

<use images/numberpad.pdf>
Package pdftex.def Info: images/numberpad.pdf used on input line 201.
(pdftex.def)             Requested size: 125.26816pt x 87.5271pt.

<images/incremental.pdf, id=530, 204.765pt x 43.16125pt>
File: images/incremental.pdf Graphic file (type pdf)

<use images/incremental.pdf>
Package pdftex.def Info: images/incremental.pdf used on input line 207.
(pdftex.def)             Requested size: 102.38223pt x 21.58057pt.
 [16 <./images/numberpad.pdf> <./images/incremental.pdf>] [17] [18] [19] [20] [
21] [22] [23] [24]
Chapter 3.

Overfull \hbox (21.0pt too wide) in paragraph at lines 320--321
[] 
 []

[25

] [26] [27] [28] [29]
Underfull \hbox (badness 1019) in paragraph at lines 432--432
[]|\T1/lmr/m/n/10.95 Task char-ac-ter-is-
 []

[30] [31] [32] <images/Study1/Task.png, id=815, 630.1944pt x 364.2408pt>
File: images/Study1/Task.png Graphic file (type png)

<use images/Study1/Task.png>
Package pdftex.def Info: images/Study1/Task.png used on input line 444.
(pdftex.def)             Requested size: 430.00462pt x 248.53638pt.
 [33 <./images/Study1/Task.png>]
<images/Study1/Checking.pdf, id=824, 555.64105pt x 280.76634pt>
File: images/Study1/Checking.pdf Graphic file (type pdf)

<use images/Study1/Checking.pdf>
Package pdftex.def Info: images/Study1/Checking.pdf used on input line 462.
(pdftex.def)             Requested size: 430.00462pt x 217.28749pt.
 [34 <./images/Study1/Checking.pdf>] [35]
<images/Study1/System.pdf, id=855, 511.85338pt x 311.77339pt>
File: images/Study1/System.pdf Graphic file (type pdf)

<use images/Study1/System.pdf>
Package pdftex.def Info: images/Study1/System.pdf used on input line 523.
(pdftex.def)             Requested size: 430.00462pt x 261.92114pt.
 [36 <./images/Study1/System.pdf>]
<images/Study1/Environment.pdf, id=881, 563.01633pt x 369.42365pt>
File: images/Study1/Environment.pdf Graphic file (type pdf)

<use images/Study1/Environment.pdf>
Package pdftex.def Info: images/Study1/Environment.pdf used on input line 537.
(pdftex.def)             Requested size: 430.00462pt x 282.15158pt.
 [37

 <./images/Study1/Environment.pdf>]
<images/Study1/Data.pdf, id=907, 557.38672pt x 318.58151pt>
File: images/Study1/Data.pdf Graphic file (type pdf)

<use images/Study1/Data.pdf>
Package pdftex.def Info: images/Study1/Data.pdf used on input line 555.
(pdftex.def)             Requested size: 430.00462pt x 245.77518pt.
 [38 <./images/Study1/Data.pdf>]
<images/Study1/Errors.pdf, id=933, 560.15346pt x 328.62674pt>
File: images/Study1/Errors.pdf Graphic file (type pdf)

<use images/Study1/Errors.pdf>
Package pdftex.def Info: images/Study1/Errors.pdf used on input line 572.
(pdftex.def)             Requested size: 430.00462pt x 252.28117pt.
 [39

 <./images/Study1/Errors.pdf>] [40]
<images/Study1/Strategy.pdf, id=964, 510.12323pt x 260.26866pt>
File: images/Study1/Strategy.pdf Graphic file (type pdf)

<use images/Study1/Strategy.pdf>
Package pdftex.def Info: images/Study1/Strategy.pdf used on input line 645.
(pdftex.def)             Requested size: 430.00462pt x 219.40257pt.
 [41 <./images/Study1/Strategy.pdf>] [42]
<images/Study1/Papertrail.pdf, id=996, 532.64217pt x 358.62852pt>
File: images/Study1/Papertrail.pdf Graphic file (type pdf)

<use images/Study1/Papertrail.pdf>
Package pdftex.def Info: images/Study1/Papertrail.pdf used on input line 695.
(pdftex.def)             Requested size: 430.00462pt x 289.52988pt.
 [43

 <./images/Study1/Papertrail.pdf>]
<images/Study1/Other.pdf, id=1022, 532.81671pt x 224.84pt>
File: images/Study1/Other.pdf Graphic file (type pdf)

<use images/Study1/Other.pdf>
Package pdftex.def Info: images/Study1/Other.pdf used on input line 711.
(pdftex.def)             Requested size: 430.00462pt x 181.45383pt.
 [44 <./images/Study1/Other.pdf>]
LaTeX Font Info:    Try loading font information for OMS+lmr on input line 739.


(/usr/local/texlive/2016/texmf-dist/tex/latex/lm/omslmr.fd
File: omslmr.fd 2009/10/30 v1.6 Font defs for Latin Modern
)
LaTeX Font Info:    Font shape `OMS/lmr/m/n' in size <10.95> not available
(Font)              Font shape `OMS/lmsy/m/n' tried instead on input line 739.
 [45] [46] [47]
[48] [49] [50] [51] [52]
Chapter 4.

Overfull \hbox (21.0pt too wide) in paragraph at lines 888--889
[] 
 []

[53

] [54] [55]

LaTeX Warning: No positions in optional float specifier.
               Default added (so using `tbp') on input line 946.

<images/Study2/ch4_numbers.png, id=1199, 1908.12875pt x 1034.86626pt>
File: images/Study2/ch4_numbers.png Graphic file (type png)

<use images/Study2/ch4_numbers.png>
Package pdftex.def Info: images/Study2/ch4_numbers.png used on input line 950.
(pdftex.def)             Requested size: 438.86038pt x 238.01422pt.

<images/Study2/ch4_colours.png, id=1200, 1910.13625pt x 1033.8625pt>
File: images/Study2/ch4_colours.png Graphic file (type png)

<use images/Study2/ch4_colours.png>
Package pdftex.def Info: images/Study2/ch4_colours.png used on input line 956.
(pdftex.def)             Requested size: 439.3221pt x 237.78337pt.
 [56] [57 <./images/Study2/ch4_numbers.png> <./images/Study2/ch4_colours.png>] 
[58]
Overfull \hbox (17.91823pt too wide) in paragraph at lines 995--1030
 [][] 
 []


./thesis.tex:1032: LaTeX Error: \begin{table*} on input line 992 ended by \end{
table}.

See the LaTeX manual or LaTeX Companion for explanation.
Type  H <return>  for immediate help.
 ...                                              
                                                  
l.1032 \end{table}
                  
? s
OK, entering \scrollmode...
<images/Study2/ch4_noVisits-bargraph.pdf, id=1228, 401.07188pt x 343.1461pt>
File: images/Study2/ch4_noVisits-bargraph.pdf Graphic file (type pdf)

<use images/Study2/ch4_noVisits-bargraph.pdf>
Package pdftex.def Info: images/Study2/ch4_noVisits-bargraph.pdf used on input 
line 1041.
(pdftex.def)             Requested size: 430.00462pt x 367.9062pt.
LaTeX Font Info:    External font `lmex10' loaded for size
(Font)              <9> on input line 1042.
LaTeX Font Info:    External font `lmex10' loaded for size
(Font)              <5> on input line 1042.

<images/Study2/ch4_firstVisitDuration-bargraph.pdf, id=1230, 401.42302pt x 342.
22766pt>
File: images/Study2/ch4_firstVisitDuration-bargraph.pdf Graphic file (type pdf)

 <use images/Study2/ch4_firstVisitDuration-bargraph.pdf>
Package pdftex.def Info: images/Study2/ch4_firstVisitDuration-bargraph.pdf used
 on input line 1052.
(pdftex.def)             Requested size: 430.00462pt x 366.60818pt.
 [59] [60]
<images/Study2/ch4_firstCorrectBlocks-bargraph.pdf, id=1247, 400.97583pt x 341.
57341pt>
File: images/Study2/ch4_firstCorrectBlocks-bargraph.pdf Graphic file (type pdf)

 <use images/Study2/ch4_firstCorrectBlocks-bargraph.pdf>
Package pdftex.def Info: images/Study2/ch4_firstCorrectBlocks-bargraph.pdf used
 on input line 1063.
(pdftex.def)             Requested size: 430.00462pt x 366.30342pt.
 [61 <./images/Study2/ch4_noVisits-bargraph.pdf>] [62 <./images/Study2/ch4_firs
tVisitDuration-bargraph.pdf>] [63 <./images/Study2/ch4_firstCorrectBlocks-bargr
aph.pdf>]
<images/Study2/ch4_placeholders.pdf, id=1328, 534.99875pt x 547.04375pt>
File: images/Study2/ch4_placeholders.pdf Graphic file (type pdf)

<use images/Study2/ch4_placeholders.pdf>
Package pdftex.def Info: images/Study2/ch4_placeholders.pdf used on input line 
1087.
(pdftex.def)             Requested size: 160.50085pt x 164.11438pt.
 [64 <./images/Study2/ch4_placeholders.pdf>] [65] [66] [67] [68] [69] [70]
Chapter 5.

Overfull \hbox (21.0pt too wide) in paragraph at lines 1205--1206
[] 
 []

[71

] (./thesis.bbl [72]
LaTeX Font Info:    Try loading font information for T1+lmtt on input line 202.


(/usr/local/texlive/2016/texmf-dist/tex/latex/lm/t1lmtt.fd
File: t1lmtt.fd 2009/10/30 v1.6 Font defs for Latin Modern
)
Underfull \hbox (badness 10000) in paragraph at lines 248--268
\T1/lmr/m/n/10.95 Re-trieved from []$\T1/lmtt/m/n/10.95 http :// dl [] .acm [] 
.org / citation [] .cfm [] ?doid = 1518701 [] .1518855$ \
 []


Underfull \hbox (badness 10000) in paragraph at lines 248--268
\T1/lmtt/m/n/10.95 delimiter"026E30F$npapers2 :// publication / doi / 10 [] .11
45 / 1518701 [] .1518855$[]
 []

[73

]
Underfull \hbox (badness 2376) in paragraph at lines 492--513
[]\T1/lmr/m/n/10.95 Czerwinski, M., Smith, G., Re-gan, T., Mey-ers, B., Robert-
son, G., & Stark-
 []


Underfull \hbox (badness 1681) in paragraph at lines 492--513
\T1/lmr/m/n/10.95 weather, G.  (2003).  To-ward Char-ac-ter-iz-ing the Pro-duc-
tiv-ity Ben-e-fits of
 []


Underfull \hbox (badness 1226) in paragraph at lines 492--513
\T1/lmr/m/n/10.95 Very Large Dis-plays.  In \T1/lmr/m/it/10.95 In-ter-act'03 \T
1/lmr/m/n/10.95 (pp.[] 9--16).  Re-trieved from []$\T1/lmtt/m/n/10.95 http ://
 []


Underfull \hbox (badness 10000) in paragraph at lines 492--513
\T1/lmtt/m/n/10.95 research [] .microsoft [] .com / en [] -us / um / redmond / 
groups / cue / publications /
 []

[74] [75] [76] [77]) [78]
Appendix A.
<images/Informationsheet.pdf, id=1472, 597.23125pt x 844.15375pt>
File: images/Informationsheet.pdf Graphic file (type pdf)

<use images/Informationsheet.pdf>
Package pdftex.def Info: images/Informationsheet.pdf used on input line 1238.
(pdftex.def)             Requested size: 430.00462pt x 607.79024pt.


LaTeX Warning: Float too large for page by 72.31367pt on input line 1241.

[79

] [80 <./images/Informationsheet.pdf>]
Appendix B.
<images/Consentform.pdf, id=1512, 597.23125pt x 844.15375pt>
File: images/Consentform.pdf Graphic file (type pdf)

<use images/Consentform.pdf>
Package pdftex.def Info: images/Consentform.pdf used on input line 1247.
(pdftex.def)             Requested size: 430.00462pt x 607.79024pt.


LaTeX Warning: Float too large for page by 72.31367pt on input line 1250.

[81

] [82 <./images/Consentform.pdf>]
Appendix C.
[83

] [84] [85]
Package atveryend Info: Empty hook `BeforeClearDocument' on input line 1329.
 [86]
Package atveryend Info: Empty hook `AfterLastShipout' on input line 1329.
 (./thesis.aux)
Package atveryend Info: Executing hook `AtVeryEndDocument' on input line 1329.
Package atveryend Info: Executing hook `AtEndAfterFileList' on input line 1329.

Package rerunfilecheck Info: File `thesis.out' has not changed.
(rerunfilecheck)             Checksum: 82677A3FB4A247C89BF2D15F5EB39431;2468.


LaTeX Warning: There were multiply-defined labels.

Package atveryend Info: Empty hook `AtVeryVeryEnd' on input line 1329.
 ) 
Here is how much of TeX's memory you used:
 9563 strings out of 493014
 143179 string characters out of 6133351
 250838 words of memory out of 5000000
 12616 multiletter control sequences out of 15000+600000
 72609 words of font info for 58 fonts, out of 8000000 for 9000
 1141 hyphenation exceptions out of 8191
 41i,17n,43p,1653b,643s stack positions out of 5000i,500n,10000p,200000b,80000s
{/usr/local/texlive/2016/texmf-dist/fonts/enc/dvips/lm/lm-ec.enc}{/usr/local/
texlive/2016/texmf-dist/fonts/enc/dvips/lm/lm-mathsy.enc}{/usr/local/texlive/20
16/texmf-dist/fonts/enc/dvips/lm/lm-rm.enc}{/usr/local/texlive/2016/texmf-dist/
fonts/enc/dvips/lm/lm-mathit.enc}</usr/local/texlive/2016/texmf-dist/fonts/type
1/public/lm/lmbx10.pfb></usr/local/texlive/2016/texmf-dist/fonts/type1/public/l
m/lmbx12.pfb></usr/local/texlive/2016/texmf-dist/fonts/type1/public/lm/lmcsc10.
pfb></usr/local/texlive/2016/texmf-dist/fonts/type1/public/lm/lmmi10.pfb></usr/
local/texlive/2016/texmf-dist/fonts/type1/public/lm/lmr10.pfb></usr/local/texli
ve/2016/texmf-dist/fonts/type1/public/lm/lmr12.pfb></usr/local/texlive/2016/tex
mf-dist/fonts/type1/public/lm/lmr8.pfb></usr/local/texlive/2016/texmf-dist/font
s/type1/public/lm/lmr9.pfb></usr/local/texlive/2016/texmf-dist/fonts/type1/publ
ic/lm/lmri10.pfb></usr/local/texlive/2016/texmf-dist/fonts/type1/public/lm/lmri
12.pfb></usr/local/texlive/2016/texmf-dist/fonts/type1/public/lm/lmsy10.pfb></u
sr/local/texlive/2016/texmf-dist/fonts/type1/public/lm/lmsy9.pfb></usr/local/te
xlive/2016/texmf-dist/fonts/type1/public/lm/lmtt10.pfb>
Output written on thesis.pdf (88 pages, 1111051 bytes).
PDF statistics:
 1696 PDF objects out of 1728 (max. 8388607)
 1480 compressed objects within 15 object streams
 315 named destinations out of 1000 (max. 500000)
 386 words of extra memory for PDF output out of 10000 (max. 10000000)

